<?xml version="1.0" encoding="UTF-8"?>
<!-- Generated by org.testng.reporters.JUnitXMLReporter -->
<testsuite ignored="0" hostname="LAPTOP-A537G3OR" failures="0" tests="4" name="Default test" time="46.886" errors="0" timestamp="2022-07-20T20:46:11 IST">
  <testcase classname="com.TestngPractice.NewTest" name="test1" time="15.381"/>
  <testcase classname="com.TestngPractice.NewTest" name="test7" time="0.0"/>
  <testcase classname="com.TestngPractice.NewTest" name="test7" time="0.002"/>
  <testcase classname="com.TestngPractice.NewTest" name="test7" time="0.0"/>
</testsuite> <!-- Default test -->
