<?xml version="1.0" encoding="UTF-8"?>
<!-- Generated by org.testng.reporters.JUnitXMLReporter -->
<testsuite ignored="0" hostname="LAPTOP-A537G3OR" failures="1" tests="1" name="Test" time="6.209" errors="0" timestamp="2022-06-18T00:36:40 IST">
  <testcase classname="com.TestngPractice.NewTest" name="test6" time="0.764">
    <failure type="java.lang.NullPointerException">
      <![CDATA[java.lang.NullPointerException
at java.base/java.io.FileInputStream.<init>(FileInputStream.java:145)
at java.base/java.io.FileInputStream.<init>(FileInputStream.java:108)
at com.TestngPractice.NewTest.test6(NewTest.java:167)
at java.base/java.util.ArrayList.forEach(ArrayList.java:1511)
... Removed 27 stack frames]]>
    </failure>
  </testcase> <!-- test6 -->
</testsuite> <!-- Test -->
