<?xml version="1.0" encoding="UTF-8"?>
<testng-results ignored="0" total="4" passed="4" failed="0" skipped="0">
  <reporter-output>
  </reporter-output>
  <suite started-at="2022-07-20T20:45:24 IST" name="Default suite" finished-at="2022-07-20T20:46:11 IST" duration-ms="46886">
    <groups>
    </groups>
    <test started-at="2022-07-20T20:45:24 IST" name="Default test" finished-at="2022-07-20T20:46:11 IST" duration-ms="46886">
      <class name="com.TestngPractice.NewTest">
        <test-method is-config="true" signature="setUp()[pri:0, instance:com.TestngPractice.NewTest@4b0d79fc]" started-at="2022-07-20T20:45:24 IST" name="setUp" finished-at="2022-07-20T20:45:54 IST" duration-ms="30479" status="PASS">
          <reporter-output>
          </reporter-output>
        </test-method> <!-- setUp -->
        <test-method signature="test1()[pri:0, instance:com.TestngPractice.NewTest@4b0d79fc]" started-at="2022-07-20T20:45:54 IST" name="test1" finished-at="2022-07-20T20:46:10 IST" duration-ms="15381" status="PASS">
          <reporter-output>
          </reporter-output>
        </test-method> <!-- test1 -->
        <test-method signature="test7(java.lang.String,java.lang.String)[pri:0, instance:com.TestngPractice.NewTest@4b0d79fc]" started-at="2022-07-20T20:46:10 IST" name="test7" data-provider="credentials" finished-at="2022-07-20T20:46:10 IST" duration-ms="0" status="PASS">
          <params>
            <param index="0">
              <value>
                <![CDATA[donhere]]>
              </value>
            </param>
            <param index="1">
              <value>
                <![CDATA[don123]]>
              </value>
            </param>
          </params>
          <reporter-output>
          </reporter-output>
        </test-method> <!-- test7 -->
        <test-method signature="test7(java.lang.String,java.lang.String)[pri:0, instance:com.TestngPractice.NewTest@4b0d79fc]" started-at="2022-07-20T20:46:10 IST" name="test7" data-provider="credentials" finished-at="2022-07-20T20:46:10 IST" duration-ms="2" status="PASS">
          <params>
            <param index="0">
              <value>
                <![CDATA[donhere1]]>
              </value>
            </param>
            <param index="1">
              <value>
                <![CDATA[don123]]>
              </value>
            </param>
          </params>
          <reporter-output>
          </reporter-output>
        </test-method> <!-- test7 -->
        <test-method signature="test7(java.lang.String,java.lang.String)[pri:0, instance:com.TestngPractice.NewTest@4b0d79fc]" started-at="2022-07-20T20:46:10 IST" name="test7" data-provider="credentials" finished-at="2022-07-20T20:46:10 IST" duration-ms="0" status="PASS">
          <params>
            <param index="0">
              <value>
                <![CDATA[donhere2]]>
              </value>
            </param>
            <param index="1">
              <value>
                <![CDATA[don123]]>
              </value>
            </param>
          </params>
          <reporter-output>
          </reporter-output>
        </test-method> <!-- test7 -->
        <test-method is-config="true" signature="tearDown()[pri:0, instance:com.TestngPractice.NewTest@4b0d79fc]" started-at="2022-07-20T20:46:10 IST" name="tearDown" finished-at="2022-07-20T20:46:11 IST" duration-ms="897" status="PASS">
          <reporter-output>
          </reporter-output>
        </test-method> <!-- tearDown -->
      </class> <!-- com.TestngPractice.NewTest -->
    </test> <!-- Default test -->
  </suite> <!-- Default suite -->
</testng-results>
