<?xml version="1.0" encoding="UTF-8"?>
<testng-results ignored="0" total="1" passed="1" failed="0" skipped="0">
  <reporter-output>
  </reporter-output>
  <suite started-at="2022-06-18T03:07:50 IST" name="Default suite" finished-at="2022-06-18T03:08:24 IST" duration-ms="33857">
    <groups>
    </groups>
    <test started-at="2022-06-18T03:07:50 IST" name="Default test" finished-at="2022-06-18T03:08:24 IST" duration-ms="33857">
      <class name="com.TestngPractice.NewTest">
        <test-method is-config="true" signature="setUp()[pri:0, instance:com.TestngPractice.NewTest@61001b64]" started-at="2022-06-18T03:07:50 IST" name="setUp" finished-at="2022-06-18T03:07:58 IST" duration-ms="7357" status="PASS">
          <reporter-output>
          </reporter-output>
        </test-method> <!-- setUp -->
        <test-method signature="test6()[pri:0, instance:com.TestngPractice.NewTest@61001b64]" started-at="2022-06-18T03:07:58 IST" name="test6" finished-at="2022-06-18T03:08:23 IST" duration-ms="25515" status="PASS">
          <reporter-output>
          </reporter-output>
        </test-method> <!-- test6 -->
        <test-method is-config="true" signature="tearDown()[pri:0, instance:com.TestngPractice.NewTest@61001b64]" started-at="2022-06-18T03:08:23 IST" name="tearDown" finished-at="2022-06-18T03:08:24 IST" duration-ms="911" status="PASS">
          <reporter-output>
          </reporter-output>
        </test-method> <!-- tearDown -->
      </class> <!-- com.TestngPractice.NewTest -->
    </test> <!-- Default test -->
  </suite> <!-- Default suite -->
</testng-results>
